<?xml version="1.0" encoding="UTF-8"?>
<!-- Generated by org.testng.reporters.JUnitXMLReporter -->
<testsuite hostname="LAPTOP-0PLB3QLT" ignored="0" name="Validateloginfunctionality" tests="5" failures="0" timestamp="2022-07-06T15:09:43 IST" time="12.298" errors="0">
  <testcase name="openBrowser" time="9.188" classname="com.easbuy.tests.swaglabs"/>
  <testcase name="launchapplication" time="1.744" classname="com.easbuy.tests.swaglabs"/>
  <testcase name="enterUsernameandPassword" time="0.738" classname="com.easbuy.tests.swaglabs"/>
  <testcase name="clickLogin" time="0.341" classname="com.easbuy.tests.swaglabs"/>
  <testcase name="verifyLogin" time="0.157" classname="com.easbuy.tests.swaglabs"/>
</testsuite> <!-- Validateloginfunctionality -->
