<?xml version="1.0" encoding="UTF-8"?>
<!-- Generated by org.testng.reporters.JUnitXMLReporter -->
<testsuite ignored="0" hostname="LAPTOP-0PLB3QLT" failures="0" tests="5" name="Validateloginfunctionality_chrome" time="27.479" errors="0" timestamp="2022-07-09T12:37:22 IST">
  <testcase classname="com.easbuy.tests.swaglabs" name="openBrowser" time="16.08"/>
  <testcase classname="com.easbuy.tests.swaglabs" name="launchapplication" time="4.551"/>
  <testcase classname="com.easbuy.tests.swaglabs" name="enterUsernameandPassword" time="4.409"/>
  <testcase classname="com.easbuy.tests.swaglabs" name="clickLogin" time="1.555"/>
  <testcase classname="com.easbuy.tests.swaglabs" name="verifyLogin" time="0.743"/>
</testsuite> <!-- Validateloginfunctionality_chrome -->
