<?xml version="1.0" encoding="UTF-8"?>
<!-- Generated by org.testng.reporters.JUnitXMLReporter -->
<testsuite ignored="0" hostname="LAPTOP-0PLB3QLT" failures="0" tests="5" name="Validateloginfunctionality_edge" time="23.914" errors="0" timestamp="2022-07-09T12:37:18 IST">
  <testcase classname="com.easbuy.tests.swaglabs" name="openBrowser" time="15.359"/>
  <testcase classname="com.easbuy.tests.swaglabs" name="launchapplication" time="4.724"/>
  <testcase classname="com.easbuy.tests.swaglabs" name="enterUsernameandPassword" time="1.634"/>
  <testcase classname="com.easbuy.tests.swaglabs" name="clickLogin" time="0.973"/>
  <testcase classname="com.easbuy.tests.swaglabs" name="verifyLogin" time="1.058"/>
</testsuite> <!-- Validateloginfunctionality_edge -->
