<?xml version="1.0" encoding="UTF-8"?>
<testng-results ignored="0" total="1" passed="1" failed="0" skipped="0">
  <reporter-output>
  </reporter-output>
  <suite started-at="2022-07-11T08:10:31 IST" name="Default suite" finished-at="2022-07-11T08:10:43 IST" duration-ms="11814">
    <groups>
    </groups>
    <test started-at="2022-07-11T08:10:31 IST" name="Default test" finished-at="2022-07-11T08:10:43 IST" duration-ms="11814">
      <class name="com.easbuy.tests.Login_Swaglabs2">
        <test-method signature="loginswaglabs()[pri:0, instance:com.easbuy.tests.Login_Swaglabs2@619713e5]" started-at="2022-07-11T08:10:31 IST" name="loginswaglabs" finished-at="2022-07-11T08:10:43 IST" duration-ms="11710" status="PASS">
          <reporter-output>
          </reporter-output>
        </test-method> <!-- loginswaglabs -->
      </class> <!-- com.easbuy.tests.Login_Swaglabs2 -->
    </test> <!-- Default test -->
  </suite> <!-- Default suite -->
</testng-results>
